Bringing machine 'default' up with 'virtualbox' provider...
==> default: Importing base box 'hashicorp/bionic64'...

==> default: Matching MAC address for NAT networking...
==> default: Checking if box 'hashicorp/bionic64' version '1.0.282' is up to date...
==> default: Setting the name of the VM: c2-b10-pr10_default_1644931026647_93923
==> default: Clearing any previously set network interfaces...
==> default: Preparing network interfaces based on configuration...
    default: Adapter 1: nat
==> default: Forwarding ports...
    default: 22 (guest) => 2222 (host) (adapter 1)
==> default: Booting VM...
==> default: Waiting for machine to boot. This may take a few minutes...
    default: SSH address: 127.0.0.1:2222
    default: SSH username: vagrant
    default: SSH auth method: private key
    default: Warning: Connection reset. Retrying...
    default: Warning: Remote connection disconnect. Retrying...
    default: 
    default: Vagrant insecure key detected. Vagrant will automatically replace
    default: this with a newly generated keypair for better security.
    default: 
    default: Inserting generated public key within guest...
    default: Removing insecure key from the guest if it's present...
    default: Key inserted! Disconnecting and reconnecting using new SSH key...
==> default: Machine booted and ready!
==> default: Checking for guest additions in VM...
    default: The guest additions on this VM do not match the installed version of
    default: VirtualBox! In most cases this is fine, but in rare cases it can
    default: prevent things such as shared folders from working properly. If you see
    default: shared folder errors, please make sure the guest additions within the
    default: virtual machine match the version of VirtualBox you have installed on
    default: your host and reload your VM.
    default: 
    default: Guest Additions Version: 6.0.10
    default: VirtualBox Version: 6.1
==> default: Mounting shared folders...
    default: /vagrant => /home/user/dev/c2-b10-pr10
    default: /vagrant_data => /home/user/dev/c2-b10-pr10/sync2vm
==> default: Running provisioner: file...
    default: ./cp2vm => $HOME/vagrant_scripts
==> default: Running provisioner: ansible_local...
    default: Installing Ansible...
    default: Running ansible-playbook...

PLAY [SF ansible tasks - deploy] ***********************************************

TASK [Gathering Facts] *********************************************************
[DEPRECATION WARNING]: Distribution Ubuntu 18.04 on host default should use 
/usr/bin/python3, but is using /usr/bin/python for backward compatibility with 
prior Ansible releases. A future Ansible release will default to using the 
discovered platform python for this host. See https://docs.ansible.com/ansible/
2.9/reference_appendices/interpreter_discovery.html for more information. This 
feature will be removed in version 2.12. Deprecation warnings can be disabled 
by setting deprecation_warnings=False in ansible.cfg.
ok: [default]

TASK [Install common packages] *************************************************
ok: [default] => (item=python3)
changed: [default] => (item=python3-pip)
changed: [default] => (item=python3-psycopg2)
changed: [default] => (item=python3-django)
[WARNING]: Updating cache and auto-installing missing dependency: python-apt

PLAY RECAP *********************************************************************
default                    : ok=2    changed=1    unreachable=0    failed=0    skipped=0    rescued=0    ignored=0   

